-------------------------------------------------------------------------------
Test set: TestSuite
-------------------------------------------------------------------------------
Tests run: 6, Failures: 1, Errors: 0, Skipped: 5, Time elapsed: 1.513 s <<< FAILURE! - in TestSuite
testCases.LoginTest.SetUp  Time elapsed: 1.266 s  <<< FAILURE!
java.lang.NullPointerException

