<?xml version="1.0" encoding="UTF-8"?>
<testsuite xmlns:xsi="http://www.w3.org/2001/XMLSchema-instance" xsi:noNamespaceSchemaLocation="https://maven.apache.org/surefire/maven-surefire-plugin/xsd/surefire-test-report-3.0.xsd" version="3.0" name="TestSuite" time="1.513" tests="6" errors="0" skipped="5" failures="1">
  <properties>
[...]
</properties>
  <testcase name="SetUp" classname="testCases.LoginTest" time="1.266">
    <failure type="java.lang.NullPointerException"><![CDATA[java.lang.NullPointerException
]]></failure>
  </testcase>
  <testcase name="SetUp" classname="testCases.LoginTest" time="0">
    <skipped/>
  </testcase>
  <testcase name="LoginFailureTest" classname="testCases.LoginTest" time="0">
    <skipped/>
  </testcase>
  <testcase name="TearDown" classname="testCases.LoginTest" time="0">
    <skipped/>
  </testcase>
  <testcase name="TearDown" classname="testCases.LoginTest" time="0">
    <skipped/>
  </testcase>
  <testcase name="LoginSuccessTest" classname="testCases.LoginTest" time="0">
    <skipped/>
  </testcase>
</testsuite>