<?xml version="1.0" encoding="UTF-8"?>
<testng-results ignored="0" total="2" passed="2" failed="0" skipped="0">
  <reporter-output>
  </reporter-output>
  <suite started-at="2023-11-25T08:24:18 CST" name="Suite" finished-at="2023-11-25T08:24:48 CST" duration-ms="29846">
    <groups>
    </groups>
    <test started-at="2023-11-25T08:24:18 CST" name="Test" finished-at="2023-11-25T08:24:48 CST" duration-ms="29846">
      <class name="testCases.LoginTest">
        <test-method is-config="true" signature="setUp()[pri:0, instance:testCases.LoginTest@4b45a2f5]" started-at="2023-11-25T08:24:18 CST" name="setUp" finished-at="2023-11-25T08:24:25 CST" duration-ms="7048" status="PASS">
          <reporter-output>
          </reporter-output>
        </test-method> <!-- setUp -->
        <test-method signature="LoginFailureTest()[pri:0, instance:testCases.LoginTest@4b45a2f5]" started-at="2023-11-25T08:24:25 CST" name="LoginFailureTest" finished-at="2023-11-25T08:24:30 CST" duration-ms="4832" status="PASS">
          <reporter-output>
          </reporter-output>
        </test-method> <!-- LoginFailureTest -->
        <test-method is-config="true" signature="tearDown()[pri:0, instance:testCases.LoginTest@4b45a2f5]" started-at="2023-11-25T08:24:30 CST" name="tearDown" finished-at="2023-11-25T08:24:30 CST" duration-ms="185" status="PASS">
          <reporter-output>
          </reporter-output>
        </test-method> <!-- tearDown -->
        <test-method is-config="true" signature="setUp()[pri:0, instance:testCases.LoginTest@4b45a2f5]" started-at="2023-11-25T08:24:30 CST" name="setUp" finished-at="2023-11-25T08:24:40 CST" duration-ms="9521" status="PASS">
          <reporter-output>
          </reporter-output>
        </test-method> <!-- setUp -->
        <test-method signature="LoginSuccessTest()[pri:0, instance:testCases.LoginTest@4b45a2f5]" started-at="2023-11-25T08:24:40 CST" name="LoginSuccessTest" finished-at="2023-11-25T08:24:48 CST" duration-ms="7913" status="PASS">
          <reporter-output>
          </reporter-output>
        </test-method> <!-- LoginSuccessTest -->
        <test-method is-config="true" signature="tearDown()[pri:0, instance:testCases.LoginTest@4b45a2f5]" started-at="2023-11-25T08:24:48 CST" name="tearDown" finished-at="2023-11-25T08:24:48 CST" duration-ms="216" status="PASS">
          <reporter-output>
          </reporter-output>
        </test-method> <!-- tearDown -->
      </class> <!-- testCases.LoginTest -->
    </test> <!-- Test -->
  </suite> <!-- Suite -->
</testng-results>
