<?xml version="1.0" encoding="UTF-8"?>
<testng-results ignored="0" total="2" passed="2" failed="0" skipped="0">
  <reporter-output>
  </reporter-output>
  <suite started-at="2023-11-25T08:47:51 CST" name="Suite" finished-at="2023-11-25T08:48:18 CST" duration-ms="27028">
    <groups>
    </groups>
    <test started-at="2023-11-25T08:47:51 CST" name="Test" finished-at="2023-11-25T08:48:18 CST" duration-ms="27028">
      <class name="testCases.LoginTest">
        <test-method is-config="true" signature="setUp()[pri:0, instance:testCases.LoginTest@78e4deb0]" started-at="2023-11-25T08:47:51 CST" name="setUp" finished-at="2023-11-25T08:47:57 CST" duration-ms="6085" status="PASS">
          <reporter-output>
          </reporter-output>
        </test-method> <!-- setUp -->
        <test-method signature="LoginFailureTest()[pri:0, instance:testCases.LoginTest@78e4deb0]" started-at="2023-11-25T08:47:57 CST" name="LoginFailureTest" finished-at="2023-11-25T08:48:06 CST" duration-ms="8705" status="PASS">
          <reporter-output>
          </reporter-output>
        </test-method> <!-- LoginFailureTest -->
        <test-method is-config="true" signature="tearDown()[pri:0, instance:testCases.LoginTest@78e4deb0]" started-at="2023-11-25T08:48:06 CST" name="tearDown" finished-at="2023-11-25T08:48:06 CST" duration-ms="305" status="PASS">
          <reporter-output>
          </reporter-output>
        </test-method> <!-- tearDown -->
        <test-method is-config="true" signature="setUp()[pri:0, instance:testCases.LoginTest@78e4deb0]" started-at="2023-11-25T08:48:06 CST" name="setUp" finished-at="2023-11-25T08:48:11 CST" duration-ms="5517" status="PASS">
          <reporter-output>
          </reporter-output>
        </test-method> <!-- setUp -->
        <test-method signature="LoginSuccessTest()[pri:0, instance:testCases.LoginTest@78e4deb0]" started-at="2023-11-25T08:48:11 CST" name="LoginSuccessTest" finished-at="2023-11-25T08:48:17 CST" duration-ms="6128" status="PASS">
          <reporter-output>
          </reporter-output>
        </test-method> <!-- LoginSuccessTest -->
        <test-method is-config="true" signature="tearDown()[pri:0, instance:testCases.LoginTest@78e4deb0]" started-at="2023-11-25T08:48:17 CST" name="tearDown" finished-at="2023-11-25T08:48:18 CST" duration-ms="166" status="PASS">
          <reporter-output>
          </reporter-output>
        </test-method> <!-- tearDown -->
      </class> <!-- testCases.LoginTest -->
    </test> <!-- Test -->
  </suite> <!-- Suite -->
</testng-results>
